Info: Starting: Create block symbol file (.bsf)
Info: qsys-generate "C:\Users\salam\Downloads\FPGA Part\soc_system.qsys" --block-symbol-file --output-directory="C:\Users\salam\Downloads\FPGA Part\soc_system" --family="Cyclone V" --part=5CSEMA5F31C6
Progress: Loading FPGA Part/soc_system.qsys
Progress: Reading input file
Progress: Adding clk_0 [clock_source 22.1]
Progress: Parameterizing module clk_0
Progress: Adding fpga_only_master [altera_jtag_avalon_master 22.1]
Progress: Parameterizing module fpga_only_master
Progress: Adding hps_0 [altera_hps 22.1]
Progress: Parameterizing module hps_0
Progress: Adding hps_only_master [altera_jtag_avalon_master 22.1]
Progress: Parameterizing module hps_only_master
Progress: Adding intr_capturer_0 [intr_capturer 100.99.98.97]
Progress: Parameterizing module intr_capturer_0
Progress: Adding jtag_uart [altera_avalon_jtag_uart 22.1]
Progress: Parameterizing module jtag_uart
Progress: Adding onchip_memory2_0 [altera_avalon_onchip_memory2 22.1]
Progress: Parameterizing module onchip_memory2_0
Progress: Adding pio_Enable0 [altera_avalon_pio 22.1]
Progress: Parameterizing module pio_Enable0
Progress: Adding pio_ciphertext0 [altera_avalon_pio 22.1]
Progress: Parameterizing module pio_ciphertext0
Progress: Adding pio_ciphertext1 [altera_avalon_pio 22.1]
Progress: Parameterizing module pio_ciphertext1
Progress: Adding pio_ciphertext2 [altera_avalon_pio 22.1]
Progress: Parameterizing module pio_ciphertext2
Progress: Adding pio_ciphertext3 [altera_avalon_pio 22.1]
Progress: Parameterizing module pio_ciphertext3
Progress: Adding pio_key0 [altera_avalon_pio 22.1]
Progress: Parameterizing module pio_key0
Progress: Adding pio_key1 [altera_avalon_pio 22.1]
Progress: Parameterizing module pio_key1
Progress: Adding pio_key10 [altera_avalon_pio 22.1]
Progress: Parameterizing module pio_key10
Progress: Adding pio_key11 [altera_avalon_pio 22.1]
Progress: Parameterizing module pio_key11
Progress: Adding pio_key12 [altera_avalon_pio 22.1]
Progress: Parameterizing module pio_key12
Progress: Adding pio_key13 [altera_avalon_pio 22.1]
Progress: Parameterizing module pio_key13
Progress: Adding pio_key14 [altera_avalon_pio 22.1]
Progress: Parameterizing module pio_key14
Progress: Adding pio_key15 [altera_avalon_pio 22.1]
Progress: Parameterizing module pio_key15
Progress: Adding pio_key2 [altera_avalon_pio 22.1]
Progress: Parameterizing module pio_key2
Progress: Adding pio_key3 [altera_avalon_pio 22.1]
Progress: Parameterizing module pio_key3
Progress: Adding pio_key4 [altera_avalon_pio 22.1]
Progress: Parameterizing module pio_key4
Progress: Adding pio_key5 [altera_avalon_pio 22.1]
Progress: Parameterizing module pio_key5
Progress: Adding pio_key6 [altera_avalon_pio 22.1]
Progress: Parameterizing module pio_key6
Progress: Adding pio_key7 [altera_avalon_pio 22.1]
Progress: Parameterizing module pio_key7
Progress: Adding pio_key8 [altera_avalon_pio 22.1]
Progress: Parameterizing module pio_key8
Progress: Adding pio_key9 [altera_avalon_pio 22.1]
Progress: Parameterizing module pio_key9
Progress: Adding pio_plaintext0 [altera_avalon_pio 22.1]
Progress: Parameterizing module pio_plaintext0
Progress: Adding pio_plaintext1 [altera_avalon_pio 22.1]
Progress: Parameterizing module pio_plaintext1
Progress: Adding pio_plaintext2 [altera_avalon_pio 22.1]
Progress: Parameterizing module pio_plaintext2
Progress: Adding pio_plaintext3 [altera_avalon_pio 22.1]
Progress: Parameterizing module pio_plaintext3
Progress: Adding sysid_qsys [altera_avalon_sysid_qsys 22.1]
Progress: Parameterizing module sysid_qsys
Progress: Building connections
Progress: Parameterizing connections
Progress: Validating
Progress: Done reading input file
Info: soc_system.hps_0: HPS Main PLL counter settings: n = 0  m = 73
Info: soc_system.hps_0: HPS peripherial PLL counter settings: n = 0  m = 39
Warning: soc_system.hps_0: "Configuration/HPS-to-FPGA user 0 clock frequency" (desired_cfg_clk_mhz) requested 100.0 MHz, but only achieved 97.368421 MHz
Warning: soc_system.hps_0: "QSPI clock frequency" (desired_qspi_clk_mhz) requested 400.0 MHz, but only achieved 370.0 MHz
Warning: soc_system.hps_0: 1 or more output clock frequencies cannot be achieved precisely, consider revising desired output clock frequencies.
Info: soc_system.jtag_uart: JTAG UART IP input clock need to be at least double (2x) the operating frequency of JTAG TCK on board
Info: soc_system.pio_ciphertext0: PIO inputs are not hardwired in test bench. Undefined values will be read from PIO inputs during simulation.
Info: soc_system.pio_ciphertext1: PIO inputs are not hardwired in test bench. Undefined values will be read from PIO inputs during simulation.
Info: soc_system.pio_ciphertext2: PIO inputs are not hardwired in test bench. Undefined values will be read from PIO inputs during simulation.
Info: soc_system.pio_ciphertext3: PIO inputs are not hardwired in test bench. Undefined values will be read from PIO inputs during simulation.
Info: soc_system.sysid_qsys: System ID is not assigned automatically. Edit the System ID parameter to provide a unique ID
Info: soc_system.sysid_qsys: Time stamp will be automatically updated when this component is generated.
Info: qsys-generate succeeded.
Info: Finished: Create block symbol file (.bsf)
Info: 
Info: Starting: Create HDL design files for synthesis
Info: qsys-generate "C:\Users\salam\Downloads\FPGA Part\soc_system.qsys" --synthesis=VERILOG --output-directory="C:\Users\salam\Downloads\FPGA Part\soc_system\synthesis" --family="Cyclone V" --part=5CSEMA5F31C6
Progress: Loading FPGA Part/soc_system.qsys
Progress: Reading input file
Progress: Adding clk_0 [clock_source 22.1]
Progress: Parameterizing module clk_0
Progress: Adding fpga_only_master [altera_jtag_avalon_master 22.1]
Progress: Parameterizing module fpga_only_master
Progress: Adding hps_0 [altera_hps 22.1]
Progress: Parameterizing module hps_0
Progress: Adding hps_only_master [altera_jtag_avalon_master 22.1]
Progress: Parameterizing module hps_only_master
Progress: Adding intr_capturer_0 [intr_capturer 100.99.98.97]
Progress: Parameterizing module intr_capturer_0
Progress: Adding jtag_uart [altera_avalon_jtag_uart 22.1]
Progress: Parameterizing module jtag_uart
Progress: Adding onchip_memory2_0 [altera_avalon_onchip_memory2 22.1]
Progress: Parameterizing module onchip_memory2_0
Progress: Adding pio_Enable0 [altera_avalon_pio 22.1]
Progress: Parameterizing module pio_Enable0
Progress: Adding pio_ciphertext0 [altera_avalon_pio 22.1]
Progress: Parameterizing module pio_ciphertext0
Progress: Adding pio_ciphertext1 [altera_avalon_pio 22.1]
Progress: Parameterizing module pio_ciphertext1
Progress: Adding pio_ciphertext2 [altera_avalon_pio 22.1]
Progress: Parameterizing module pio_ciphertext2
Progress: Adding pio_ciphertext3 [altera_avalon_pio 22.1]
Progress: Parameterizing module pio_ciphertext3
Progress: Adding pio_key0 [altera_avalon_pio 22.1]
Progress: Parameterizing module pio_key0
Progress: Adding pio_key1 [altera_avalon_pio 22.1]
Progress: Parameterizing module pio_key1
Progress: Adding pio_key10 [altera_avalon_pio 22.1]
Progress: Parameterizing module pio_key10
Progress: Adding pio_key11 [altera_avalon_pio 22.1]
Progress: Parameterizing module pio_key11
Progress: Adding pio_key12 [altera_avalon_pio 22.1]
Progress: Parameterizing module pio_key12
Progress: Adding pio_key13 [altera_avalon_pio 22.1]
Progress: Parameterizing module pio_key13
Progress: Adding pio_key14 [altera_avalon_pio 22.1]
Progress: Parameterizing module pio_key14
Progress: Adding pio_key15 [altera_avalon_pio 22.1]
Progress: Parameterizing module pio_key15
Progress: Adding pio_key2 [altera_avalon_pio 22.1]
Progress: Parameterizing module pio_key2
Progress: Adding pio_key3 [altera_avalon_pio 22.1]
Progress: Parameterizing module pio_key3
Progress: Adding pio_key4 [altera_avalon_pio 22.1]
Progress: Parameterizing module pio_key4
Progress: Adding pio_key5 [altera_avalon_pio 22.1]
Progress: Parameterizing module pio_key5
Progress: Adding pio_key6 [altera_avalon_pio 22.1]
Progress: Parameterizing module pio_key6
Progress: Adding pio_key7 [altera_avalon_pio 22.1]
Progress: Parameterizing module pio_key7
Progress: Adding pio_key8 [altera_avalon_pio 22.1]
Progress: Parameterizing module pio_key8
Progress: Adding pio_key9 [altera_avalon_pio 22.1]
Progress: Parameterizing module pio_key9
Progress: Adding pio_plaintext0 [altera_avalon_pio 22.1]
Progress: Parameterizing module pio_plaintext0
Progress: Adding pio_plaintext1 [altera_avalon_pio 22.1]
Progress: Parameterizing module pio_plaintext1
Progress: Adding pio_plaintext2 [altera_avalon_pio 22.1]
Progress: Parameterizing module pio_plaintext2
Progress: Adding pio_plaintext3 [altera_avalon_pio 22.1]
Progress: Parameterizing module pio_plaintext3
Progress: Adding sysid_qsys [altera_avalon_sysid_qsys 22.1]
Progress: Parameterizing module sysid_qsys
Progress: Building connections
Progress: Parameterizing connections
Progress: Validating
Progress: Done reading input file
Info: soc_system.hps_0: HPS Main PLL counter settings: n = 0  m = 73
Info: soc_system.hps_0: HPS peripherial PLL counter settings: n = 0  m = 39
Warning: soc_system.hps_0: "Configuration/HPS-to-FPGA user 0 clock frequency" (desired_cfg_clk_mhz) requested 100.0 MHz, but only achieved 97.368421 MHz
Warning: soc_system.hps_0: "QSPI clock frequency" (desired_qspi_clk_mhz) requested 400.0 MHz, but only achieved 370.0 MHz
Warning: soc_system.hps_0: 1 or more output clock frequencies cannot be achieved precisely, consider revising desired output clock frequencies.
Info: soc_system.jtag_uart: JTAG UART IP input clock need to be at least double (2x) the operating frequency of JTAG TCK on board
Info: soc_system.pio_ciphertext0: PIO inputs are not hardwired in test bench. Undefined values will be read from PIO inputs during simulation.
Info: soc_system.pio_ciphertext1: PIO inputs are not hardwired in test bench. Undefined values will be read from PIO inputs during simulation.
Info: soc_system.pio_ciphertext2: PIO inputs are not hardwired in test bench. Undefined values will be read from PIO inputs during simulation.
Info: soc_system.pio_ciphertext3: PIO inputs are not hardwired in test bench. Undefined values will be read from PIO inputs during simulation.
Info: soc_system.sysid_qsys: System ID is not assigned automatically. Edit the System ID parameter to provide a unique ID
Info: soc_system.sysid_qsys: Time stamp will be automatically updated when this component is generated.
Info: soc_system: Generating soc_system "soc_system" for QUARTUS_SYNTH
Info: Interconnect is inserted between master hps_only_master.master and slave hps_0.f2h_axi_slave because the master is of type avalon and the slave is of type axi.
Warning: hps_0.f2h_irq0: Cannot connect clock for irq_mapper.sender
Warning: hps_0.f2h_irq0: Cannot connect reset for irq_mapper.sender
Warning: hps_0.f2h_irq1: Cannot connect clock for irq_mapper_001.sender
Warning: hps_0.f2h_irq1: Cannot connect reset for irq_mapper_001.sender
Info: fpga_only_master: "soc_system" instantiated altera_jtag_avalon_master "fpga_only_master"
Info: hps_0: "Running  for module: hps_0"
Info: hps_0: HPS Main PLL counter settings: n = 0  m = 73
Info: hps_0: HPS peripherial PLL counter settings: n = 0  m = 39
Warning: hps_0: "Configuration/HPS-to-FPGA user 0 clock frequency" (desired_cfg_clk_mhz) requested 100.0 MHz, but only achieved 97.368421 MHz
Warning: hps_0: "QSPI clock frequency" (desired_qspi_clk_mhz) requested 400.0 MHz, but only achieved 370.0 MHz
Warning: hps_0: 1 or more output clock frequencies cannot be achieved precisely, consider revising desired output clock frequencies.
Info: hps_0: "soc_system" instantiated altera_hps "hps_0"
Info: intr_capturer_0: "soc_system" instantiated intr_capturer "intr_capturer_0"
Info: jtag_uart: Starting RTL generation for module 'soc_system_jtag_uart'
Info: jtag_uart:   Generation command is [exec C:/intelfpga_lite/22.1std/quartus/bin64/perl/bin/perl.exe -I C:/intelfpga_lite/22.1std/quartus/bin64/perl/lib -I C:/intelfpga_lite/22.1std/quartus/sopc_builder/bin/europa -I C:/intelfpga_lite/22.1std/quartus/sopc_builder/bin -I C:/intelfpga_lite/22.1std/quartus/../ip/altera/sopc_builder_ip/common -I C:/intelfpga_lite/22.1std/quartus/../ip/altera/sopc_builder_ip/altera_avalon_jtag_uart -- C:/intelfpga_lite/22.1std/quartus/../ip/altera/sopc_builder_ip/altera_avalon_jtag_uart/generate_rtl.pl --name=soc_system_jtag_uart --dir=C:/Users/salam/AppData/Local/Temp/alt0433_3230226625417259457.dir/0062_jtag_uart_gen/ --quartus_dir=C:/intelfpga_lite/22.1std/quartus --verilog --config=C:/Users/salam/AppData/Local/Temp/alt0433_3230226625417259457.dir/0062_jtag_uart_gen//soc_system_jtag_uart_component_configuration.pl  --do_build_sim=0  ]
Info: jtag_uart: Done RTL generation for module 'soc_system_jtag_uart'
Info: jtag_uart: "soc_system" instantiated altera_avalon_jtag_uart "jtag_uart"
Info: onchip_memory2_0: Starting RTL generation for module 'soc_system_onchip_memory2_0'
Info: onchip_memory2_0:   Generation command is [exec C:/intelfpga_lite/22.1std/quartus/bin64/perl/bin/perl.exe -I C:/intelfpga_lite/22.1std/quartus/bin64/perl/lib -I C:/intelfpga_lite/22.1std/quartus/sopc_builder/bin/europa -I C:/intelfpga_lite/22.1std/quartus/sopc_builder/bin -I C:/intelfpga_lite/22.1std/quartus/../ip/altera/sopc_builder_ip/common -I C:/intelfpga_lite/22.1std/quartus/../ip/altera/sopc_builder_ip/altera_avalon_onchip_memory2 -- C:/intelfpga_lite/22.1std/quartus/../ip/altera/sopc_builder_ip/altera_avalon_onchip_memory2/generate_rtl.pl --name=soc_system_onchip_memory2_0 --dir=C:/Users/salam/AppData/Local/Temp/alt0433_3230226625417259457.dir/0063_onchip_memory2_0_gen/ --quartus_dir=C:/intelfpga_lite/22.1std/quartus --verilog --config=C:/Users/salam/AppData/Local/Temp/alt0433_3230226625417259457.dir/0063_onchip_memory2_0_gen//soc_system_onchip_memory2_0_component_configuration.pl  --do_build_sim=0  ]
Info: onchip_memory2_0: Done RTL generation for module 'soc_system_onchip_memory2_0'
Info: onchip_memory2_0: "soc_system" instantiated altera_avalon_onchip_memory2 "onchip_memory2_0"
Info: pio_Enable0: Starting RTL generation for module 'soc_system_pio_Enable0'
Info: pio_Enable0:   Generation command is [exec C:/intelfpga_lite/22.1std/quartus/bin64/perl/bin/perl.exe -I C:/intelfpga_lite/22.1std/quartus/bin64/perl/lib -I C:/intelfpga_lite/22.1std/quartus/sopc_builder/bin/europa -I C:/intelfpga_lite/22.1std/quartus/sopc_builder/bin -I C:/intelfpga_lite/22.1std/quartus/../ip/altera/sopc_builder_ip/common -I C:/intelfpga_lite/22.1std/quartus/../ip/altera/sopc_builder_ip/altera_avalon_pio -- C:/intelfpga_lite/22.1std/quartus/../ip/altera/sopc_builder_ip/altera_avalon_pio/generate_rtl.pl --name=soc_system_pio_Enable0 --dir=C:/Users/salam/AppData/Local/Temp/alt0433_3230226625417259457.dir/0064_pio_Enable0_gen/ --quartus_dir=C:/intelfpga_lite/22.1std/quartus --verilog --config=C:/Users/salam/AppData/Local/Temp/alt0433_3230226625417259457.dir/0064_pio_Enable0_gen//soc_system_pio_Enable0_component_configuration.pl  --do_build_sim=0  ]
Info: pio_Enable0: Done RTL generation for module 'soc_system_pio_Enable0'
Info: pio_Enable0: "soc_system" instantiated altera_avalon_pio "pio_Enable0"
Info: pio_ciphertext0: Starting RTL generation for module 'soc_system_pio_ciphertext0'
Info: pio_ciphertext0:   Generation command is [exec C:/intelfpga_lite/22.1std/quartus/bin64/perl/bin/perl.exe -I C:/intelfpga_lite/22.1std/quartus/bin64/perl/lib -I C:/intelfpga_lite/22.1std/quartus/sopc_builder/bin/europa -I C:/intelfpga_lite/22.1std/quartus/sopc_builder/bin -I C:/intelfpga_lite/22.1std/quartus/../ip/altera/sopc_builder_ip/common -I C:/intelfpga_lite/22.1std/quartus/../ip/altera/sopc_builder_ip/altera_avalon_pio -- C:/intelfpga_lite/22.1std/quartus/../ip/altera/sopc_builder_ip/altera_avalon_pio/generate_rtl.pl --name=soc_system_pio_ciphertext0 --dir=C:/Users/salam/AppData/Local/Temp/alt0433_3230226625417259457.dir/0065_pio_ciphertext0_gen/ --quartus_dir=C:/intelfpga_lite/22.1std/quartus --verilog --config=C:/Users/salam/AppData/Local/Temp/alt0433_3230226625417259457.dir/0065_pio_ciphertext0_gen//soc_system_pio_ciphertext0_component_configuration.pl  --do_build_sim=0  ]
Info: pio_ciphertext0: Done RTL generation for module 'soc_system_pio_ciphertext0'
Info: pio_ciphertext0: "soc_system" instantiated altera_avalon_pio "pio_ciphertext0"
Info: pio_key0: Starting RTL generation for module 'soc_system_pio_key0'
Info: pio_key0:   Generation command is [exec C:/intelfpga_lite/22.1std/quartus/bin64/perl/bin/perl.exe -I C:/intelfpga_lite/22.1std/quartus/bin64/perl/lib -I C:/intelfpga_lite/22.1std/quartus/sopc_builder/bin/europa -I C:/intelfpga_lite/22.1std/quartus/sopc_builder/bin -I C:/intelfpga_lite/22.1std/quartus/../ip/altera/sopc_builder_ip/common -I C:/intelfpga_lite/22.1std/quartus/../ip/altera/sopc_builder_ip/altera_avalon_pio -- C:/intelfpga_lite/22.1std/quartus/../ip/altera/sopc_builder_ip/altera_avalon_pio/generate_rtl.pl --name=soc_system_pio_key0 --dir=C:/Users/salam/AppData/Local/Temp/alt0433_3230226625417259457.dir/0066_pio_key0_gen/ --quartus_dir=C:/intelfpga_lite/22.1std/quartus --verilog --config=C:/Users/salam/AppData/Local/Temp/alt0433_3230226625417259457.dir/0066_pio_key0_gen//soc_system_pio_key0_component_configuration.pl  --do_build_sim=0  ]
Info: pio_key0: Done RTL generation for module 'soc_system_pio_key0'
Info: pio_key0: "soc_system" instantiated altera_avalon_pio "pio_key0"
Info: pio_plaintext0: Starting RTL generation for module 'soc_system_pio_plaintext0'
Info: pio_plaintext0:   Generation command is [exec C:/intelfpga_lite/22.1std/quartus/bin64/perl/bin/perl.exe -I C:/intelfpga_lite/22.1std/quartus/bin64/perl/lib -I C:/intelfpga_lite/22.1std/quartus/sopc_builder/bin/europa -I C:/intelfpga_lite/22.1std/quartus/sopc_builder/bin -I C:/intelfpga_lite/22.1std/quartus/../ip/altera/sopc_builder_ip/common -I C:/intelfpga_lite/22.1std/quartus/../ip/altera/sopc_builder_ip/altera_avalon_pio -- C:/intelfpga_lite/22.1std/quartus/../ip/altera/sopc_builder_ip/altera_avalon_pio/generate_rtl.pl --name=soc_system_pio_plaintext0 --dir=C:/Users/salam/AppData/Local/Temp/alt0433_3230226625417259457.dir/0067_pio_plaintext0_gen/ --quartus_dir=C:/intelfpga_lite/22.1std/quartus --verilog --config=C:/Users/salam/AppData/Local/Temp/alt0433_3230226625417259457.dir/0067_pio_plaintext0_gen//soc_system_pio_plaintext0_component_configuration.pl  --do_build_sim=0  ]
Info: pio_plaintext0: Done RTL generation for module 'soc_system_pio_plaintext0'
Info: pio_plaintext0: "soc_system" instantiated altera_avalon_pio "pio_plaintext0"
Info: sysid_qsys: "soc_system" instantiated altera_avalon_sysid_qsys "sysid_qsys"
Info: avalon_st_adapter: Inserting error_adapter: error_adapter_0
Info: avalon_st_adapter_001: Inserting error_adapter: error_adapter_0
Info: avalon_st_adapter_002: Inserting error_adapter: error_adapter_0
Info: avalon_st_adapter_003: Inserting error_adapter: error_adapter_0
Info: avalon_st_adapter_004: Inserting error_adapter: error_adapter_0
Info: avalon_st_adapter_005: Inserting error_adapter: error_adapter_0
Info: avalon_st_adapter_006: Inserting error_adapter: error_adapter_0
Info: avalon_st_adapter_007: Inserting error_adapter: error_adapter_0
Info: avalon_st_adapter_008: Inserting error_adapter: error_adapter_0
Info: avalon_st_adapter_009: Inserting error_adapter: error_adapter_0
Info: avalon_st_adapter_010: Inserting error_adapter: error_adapter_0
Info: avalon_st_adapter_011: Inserting error_adapter: error_adapter_0
Info: avalon_st_adapter_012: Inserting error_adapter: error_adapter_0
Info: avalon_st_adapter_013: Inserting error_adapter: error_adapter_0
Info: avalon_st_adapter_014: Inserting error_adapter: error_adapter_0
Info: avalon_st_adapter_015: Inserting error_adapter: error_adapter_0
Info: avalon_st_adapter_016: Inserting error_adapter: error_adapter_0
Info: avalon_st_adapter_017: Inserting error_adapter: error_adapter_0
Info: avalon_st_adapter_018: Inserting error_adapter: error_adapter_0
Info: avalon_st_adapter_019: Inserting error_adapter: error_adapter_0
Info: avalon_st_adapter_020: Inserting error_adapter: error_adapter_0
Info: avalon_st_adapter_021: Inserting error_adapter: error_adapter_0
Info: avalon_st_adapter_022: Inserting error_adapter: error_adapter_0
Info: avalon_st_adapter_023: Inserting error_adapter: error_adapter_0
Info: avalon_st_adapter_024: Inserting error_adapter: error_adapter_0
Info: avalon_st_adapter_025: Inserting error_adapter: error_adapter_0
Info: avalon_st_adapter_026: Inserting error_adapter: error_adapter_0
Info: avalon_st_adapter_027: Inserting error_adapter: error_adapter_0
Info: avalon_st_adapter_028: Inserting error_adapter: error_adapter_0
Info: mm_interconnect_0: "soc_system" instantiated altera_mm_interconnect "mm_interconnect_0"
Info: mm_interconnect_1: "soc_system" instantiated altera_mm_interconnect "mm_interconnect_1"
Info: irq_mapper: "soc_system" instantiated altera_irq_mapper "irq_mapper"
Info: irq_mapper_001: "soc_system" instantiated altera_irq_mapper "irq_mapper_001"
Info: rst_controller: "soc_system" instantiated altera_reset_controller "rst_controller"
Info: jtag_phy_embedded_in_jtag_master: "fpga_only_master" instantiated altera_jtag_dc_streaming "jtag_phy_embedded_in_jtag_master"
Info: timing_adt: "fpga_only_master" instantiated timing_adapter "timing_adt"
Info: fifo: "fpga_only_master" instantiated altera_avalon_sc_fifo "fifo"
Info: b2p: "fpga_only_master" instantiated altera_avalon_st_bytes_to_packets "b2p"
Info: p2b: "fpga_only_master" instantiated altera_avalon_st_packets_to_bytes "p2b"
Info: transacto: "fpga_only_master" instantiated altera_avalon_packets_to_master "transacto"
Info: b2p_adapter: "fpga_only_master" instantiated channel_adapter "b2p_adapter"
Info: p2b_adapter: "fpga_only_master" instantiated channel_adapter "p2b_adapter"
Info: fpga_interfaces: "hps_0" instantiated altera_interface_generator "fpga_interfaces"
Info: hps_io: "hps_0" instantiated altera_hps_io "hps_io"
Info: fpga_only_master_master_translator: "mm_interconnect_0" instantiated altera_merlin_master_translator "fpga_only_master_master_translator"
Info: onchip_memory2_0_s1_translator: "mm_interconnect_0" instantiated altera_merlin_slave_translator "onchip_memory2_0_s1_translator"
Info: hps_0_h2f_axi_master_agent: "mm_interconnect_0" instantiated altera_merlin_axi_master_ni "hps_0_h2f_axi_master_agent"
Info: fpga_only_master_master_agent: "mm_interconnect_0" instantiated altera_merlin_master_agent "fpga_only_master_master_agent"
Info: onchip_memory2_0_s1_agent: "mm_interconnect_0" instantiated altera_merlin_slave_agent "onchip_memory2_0_s1_agent"
Info: router: "mm_interconnect_0" instantiated altera_merlin_router "router"
Info: router_002: "mm_interconnect_0" instantiated altera_merlin_router "router_002"
Info: router_003: "mm_interconnect_0" instantiated altera_merlin_router "router_003"
Info: router_005: "mm_interconnect_0" instantiated altera_merlin_router "router_005"
Info: router_006: "mm_interconnect_0" instantiated altera_merlin_router "router_006"
Info: router_007: "mm_interconnect_0" instantiated altera_merlin_router "router_007"
Info: router_009: "mm_interconnect_0" instantiated altera_merlin_router "router_009"
Info: fpga_only_master_master_limiter: "mm_interconnect_0" instantiated altera_merlin_traffic_limiter "fpga_only_master_master_limiter"
Info: Reusing file C:/Users/salam/Downloads/FPGA Part/soc_system/synthesis/submodules/altera_avalon_sc_fifo.v
Info: Reusing file C:/Users/salam/Downloads/FPGA Part/soc_system/synthesis/submodules/altera_avalon_st_pipeline_base.v
Info: onchip_memory2_0_s1_burst_adapter: "mm_interconnect_0" instantiated altera_merlin_burst_adapter "onchip_memory2_0_s1_burst_adapter"
Info: Reusing file C:/Users/salam/Downloads/FPGA Part/soc_system/synthesis/submodules/altera_merlin_address_alignment.sv
Info: Reusing file C:/Users/salam/Downloads/FPGA Part/soc_system/synthesis/submodules/altera_avalon_st_pipeline_stage.sv
Info: Reusing file C:/Users/salam/Downloads/FPGA Part/soc_system/synthesis/submodules/altera_avalon_st_pipeline_base.v
Info: cmd_demux: "mm_interconnect_0" instantiated altera_merlin_demultiplexer "cmd_demux"
Info: cmd_demux_002: "mm_interconnect_0" instantiated altera_merlin_demultiplexer "cmd_demux_002"
Info: cmd_demux_003: "mm_interconnect_0" instantiated altera_merlin_demultiplexer "cmd_demux_003"
Info: cmd_mux: "mm_interconnect_0" instantiated altera_merlin_multiplexer "cmd_mux"
Info: cmd_mux_001: "mm_interconnect_0" instantiated altera_merlin_multiplexer "cmd_mux_001"
Info: Reusing file C:/Users/salam/Downloads/FPGA Part/soc_system/synthesis/submodules/altera_merlin_arbitrator.sv
Info: cmd_mux_002: "mm_interconnect_0" instantiated altera_merlin_multiplexer "cmd_mux_002"
Info: Reusing file C:/Users/salam/Downloads/FPGA Part/soc_system/synthesis/submodules/altera_merlin_arbitrator.sv
Info: cmd_mux_004: "mm_interconnect_0" instantiated altera_merlin_multiplexer "cmd_mux_004"
Info: Reusing file C:/Users/salam/Downloads/FPGA Part/soc_system/synthesis/submodules/altera_merlin_arbitrator.sv
Info: rsp_demux: "mm_interconnect_0" instantiated altera_merlin_demultiplexer "rsp_demux"
Info: rsp_demux_001: "mm_interconnect_0" instantiated altera_merlin_demultiplexer "rsp_demux_001"
Info: rsp_demux_002: "mm_interconnect_0" instantiated altera_merlin_demultiplexer "rsp_demux_002"
Info: rsp_demux_004: "mm_interconnect_0" instantiated altera_merlin_demultiplexer "rsp_demux_004"
Info: rsp_mux: "mm_interconnect_0" instantiated altera_merlin_multiplexer "rsp_mux"
Info: Reusing file C:/Users/salam/Downloads/FPGA Part/soc_system/synthesis/submodules/altera_merlin_arbitrator.sv
Info: rsp_mux_002: "mm_interconnect_0" instantiated altera_merlin_multiplexer "rsp_mux_002"
Info: Reusing file C:/Users/salam/Downloads/FPGA Part/soc_system/synthesis/submodules/altera_merlin_arbitrator.sv
Info: rsp_mux_003: "mm_interconnect_0" instantiated altera_merlin_multiplexer "rsp_mux_003"
Info: Reusing file C:/Users/salam/Downloads/FPGA Part/soc_system/synthesis/submodules/altera_merlin_arbitrator.sv
Info: fpga_only_master_master_to_onchip_memory2_0_s1_cmd_width_adapter: "mm_interconnect_0" instantiated altera_merlin_width_adapter "fpga_only_master_master_to_onchip_memory2_0_s1_cmd_width_adapter"
Info: Reusing file C:/Users/salam/Downloads/FPGA Part/soc_system/synthesis/submodules/altera_merlin_address_alignment.sv
Info: Reusing file C:/Users/salam/Downloads/FPGA Part/soc_system/synthesis/submodules/altera_merlin_burst_uncompressor.sv
Info: avalon_st_adapter: "mm_interconnect_0" instantiated altera_avalon_st_adapter "avalon_st_adapter"
Info: avalon_st_adapter_001: "mm_interconnect_0" instantiated altera_avalon_st_adapter "avalon_st_adapter_001"
Info: hps_0_f2h_axi_slave_agent: "mm_interconnect_1" instantiated altera_merlin_axi_slave_ni "hps_0_f2h_axi_slave_agent"
Info: Reusing file C:/Users/salam/Downloads/FPGA Part/soc_system/synthesis/submodules/altera_merlin_burst_uncompressor.sv
Info: Reusing file C:/Users/salam/Downloads/FPGA Part/soc_system/synthesis/submodules/altera_avalon_sc_fifo.v
Info: Reusing file C:/Users/salam/Downloads/FPGA Part/soc_system/synthesis/submodules/altera_merlin_address_alignment.sv
Info: router: "mm_interconnect_1" instantiated altera_merlin_router "router"
Info: router_001: "mm_interconnect_1" instantiated altera_merlin_router "router_001"
Info: cmd_demux: "mm_interconnect_1" instantiated altera_merlin_demultiplexer "cmd_demux"
Info: cmd_mux: "mm_interconnect_1" instantiated altera_merlin_multiplexer "cmd_mux"
Info: Reusing file C:/Users/salam/Downloads/FPGA Part/soc_system/synthesis/submodules/altera_merlin_arbitrator.sv
Info: rsp_demux: "mm_interconnect_1" instantiated altera_merlin_demultiplexer "rsp_demux"
Info: rsp_mux: "mm_interconnect_1" instantiated altera_merlin_multiplexer "rsp_mux"
Info: Reusing file C:/Users/salam/Downloads/FPGA Part/soc_system/synthesis/submodules/altera_merlin_arbitrator.sv
Info: border: "hps_io" instantiated altera_interface_generator "border"
Info: error_adapter_0: "avalon_st_adapter" instantiated error_adapter "error_adapter_0"
Info: error_adapter_0: "avalon_st_adapter_001" instantiated error_adapter "error_adapter_0"
Info: soc_system: Done "soc_system" with 67 modules, 133 files
Info: qsys-generate succeeded.
Info: Finished: Create HDL design files for synthesis
